<?xml version="1.0" encoding="UTF-8"?>
<!-- Generated by org.testng.reporters.JUnitXMLReporter -->
<testsuite ignored="0" hostname="LAPTOP-I0PE52NF" failures="0" tests="4" name="Surefire test" time="0.064" errors="0" timestamp="2025-01-31T11:24:48 IST">
  <testcase classname="Package1.ContactTest" name="createContactTest" time="0.007"/>
  <testcase classname="Package1.ContactTest" name="modifyContactTest" time="0.0"/>
  <testcase classname="Package2.OrgTest" name="createOrgTest" time="0.0"/>
  <testcase classname="Package2.OrgTest" name="modifyOrgTest" time="0.0"/>
</testsuite> <!-- Surefire test -->
