<?xml version="1.0" encoding="UTF-8"?>
<!-- Generated by org.testng.reporters.JUnitXMLReporter -->
<testsuite ignored="1" hostname="LAPTOP-I0PE52NF" failures="0" tests="1" name="Default test" time="0.09" errors="0" timestamp="2025-01-31T11:01:52 IST">
  <testcase classname="Package1.ContactTest" name="modifyContactTest" time="0.014"/>
  <testcase classname="Package1.ContactTest" name="createContactTest" time="0.0">
    <ignored/>
  </testcase> <!-- createContactTest -->
</testsuite> <!-- Default test -->
